d:\test\ilsts\il sts sample\ver1.0.2\ilsts_sample_ver1.2.2_20220831\librayformfcil\librayformfcil\debug\librayformfcil.pch
d:\test\ilsts\il sts sample\ver1.0.2\ilsts_sample_ver1.2.2_20220831\librayformfcil\librayformfcil\debug\vc140.pdb
d:\test\ilsts\il sts sample\ver1.0.2\ilsts_sample_ver1.2.2_20220831\librayformfcil\librayformfcil\debug\stdafx.obj
d:\test\ilsts\il sts sample\ver1.0.2\ilsts_sample_ver1.2.2_20220831\librayformfcil\librayformfcil\debug\librayformfcil.obj
d:\test\ilsts\il sts sample\ver1.0.2\ilsts_sample_ver1.2.2_20220831\librayformfcil\librayformfcil\debug\assemblyinfo.obj
d:\test\ilsts\il sts sample\ver1.0.2\ilsts_sample_ver1.2.2_20220831\librayformfcil\librayformfcil\debug\.netframework,version=v4.5.assemblyattributes.obj
d:\test\ilsts\il sts sample\ver1.0.2\ilsts_sample_ver1.2.2_20220831\librayformfcil\librayformfcil\debug\.netframework,version=v4.5.assemblyattributes.asm
d:\test\ilsts\il sts sample\ver1.0.2\ilsts_sample_ver1.2.2_20220831\librayformfcil\debug\instrumentdll.dll
d:\test\ilsts\il sts sample\ver1.0.2\ilsts_sample_ver1.2.2_20220831\librayformfcil\debug\stsprocess.dll
d:\test\ilsts\il sts sample\ver1.0.2\ilsts_sample_ver1.2.2_20220831\librayformfcil\debug\nationalinstruments.daqmx.dll
d:\test\ilsts\il sts sample\ver1.0.2\ilsts_sample_ver1.2.2_20220831\librayformfcil\debug\ftd2xx_net.dll
d:\test\ilsts\il sts sample\ver1.0.2\ilsts_sample_ver1.2.2_20220831\librayformfcil\debug\nationalinstruments.visans.dll
d:\test\ilsts\il sts sample\ver1.0.2\ilsts_sample_ver1.2.2_20220831\librayformfcil\debug\ivi.visa.dll
d:\test\ilsts\il sts sample\ver1.0.2\ilsts_sample_ver1.2.2_20220831\librayformfcil\debug\nationalinstruments.ni4882.dll
d:\test\ilsts\il sts sample\ver1.0.2\ilsts_sample_ver1.2.2_20220831\librayformfcil\debug\keysight.visa.dll
d:\test\ilsts\il sts sample\ver1.0.2\ilsts_sample_ver1.2.2_20220831\librayformfcil\debug\nationalinstruments.common.dll
d:\test\ilsts\il sts sample\ver1.0.2\ilsts_sample_ver1.2.2_20220831\librayformfcil\debug\nationalinstruments.nilmclientdll.dll
d:\test\ilsts\il sts sample\ver1.0.2\ilsts_sample_ver1.2.2_20220831\librayformfcil\debug\nationalinstruments.mstudioclm.dll
d:\test\ilsts\il sts sample\ver1.0.2\ilsts_sample_ver1.2.2_20220831\librayformfcil\debug\instrumentdll.pdb
d:\test\ilsts\il sts sample\ver1.0.2\ilsts_sample_ver1.2.2_20220831\librayformfcil\debug\instrumentdll.xml
d:\test\ilsts\il sts sample\ver1.0.2\ilsts_sample_ver1.2.2_20220831\librayformfcil\debug\nationalinstruments.daqmx.xml
d:\test\ilsts\il sts sample\ver1.0.2\ilsts_sample_ver1.2.2_20220831\librayformfcil\debug\nationalinstruments.visans.xml
d:\test\ilsts\il sts sample\ver1.0.2\ilsts_sample_ver1.2.2_20220831\librayformfcil\debug\ivi.visa.xml
d:\test\ilsts\il sts sample\ver1.0.2\ilsts_sample_ver1.2.2_20220831\librayformfcil\debug\nationalinstruments.ni4882.xml
d:\test\ilsts\il sts sample\ver1.0.2\ilsts_sample_ver1.2.2_20220831\librayformfcil\debug\keysight.visa.xml
d:\test\ilsts\il sts sample\ver1.0.2\ilsts_sample_ver1.2.2_20220831\librayformfcil\debug\nationalinstruments.common.xml
d:\test\ilsts\il sts sample\ver1.0.2\ilsts_sample_ver1.2.2_20220831\librayformfcil\debug\librayformfcil.lib
d:\test\ilsts\il sts sample\ver1.0.2\ilsts_sample_ver1.2.2_20220831\librayformfcil\debug\librayformfcil.exp
d:\test\ilsts\il sts sample\ver1.0.2\ilsts_sample_ver1.2.2_20220831\librayformfcil\debug\librayformfcil.dll
d:\test\ilsts\il sts sample\ver1.0.2\ilsts_sample_ver1.2.2_20220831\librayformfcil\debug\librayformfcil.pdb
d:\test\ilsts\il sts sample\ver1.0.2\ilsts_sample_ver1.2.2_20220831\librayformfcil\librayformfcil\debug\librayformfcil.tlog\metagen.write.1.tlog
d:\test\ilsts\il sts sample\ver1.0.2\ilsts_sample_ver1.2.2_20220831\librayformfcil\librayformfcil\debug\app.res
d:\test\ilsts\il sts sample\ver1.0.2\ilsts_sample_ver1.2.2_20220831\librayformfcil\librayformfcil\debug\librayformfcil.vcxprojresolveassemblyreference.cache
d:\test\ilsts\il sts sample\ver1.0.2\ilsts_sample_ver1.2.2_20220831\librayformfcil\librayformfcil\debug\librayformfcil.tlog\cl.command.1.tlog
d:\test\ilsts\il sts sample\ver1.0.2\ilsts_sample_ver1.2.2_20220831\librayformfcil\librayformfcil\debug\librayformfcil.tlog\cl.read.1.tlog
d:\test\ilsts\il sts sample\ver1.0.2\ilsts_sample_ver1.2.2_20220831\librayformfcil\librayformfcil\debug\librayformfcil.tlog\cl.write.1.tlog
d:\test\ilsts\il sts sample\ver1.0.2\ilsts_sample_ver1.2.2_20220831\librayformfcil\librayformfcil\debug\librayformfcil.tlog\librayformfcil.write.1u.tlog
d:\test\ilsts\il sts sample\ver1.0.2\ilsts_sample_ver1.2.2_20220831\librayformfcil\librayformfcil\debug\librayformfcil.tlog\link.command.1.tlog
d:\test\ilsts\il sts sample\ver1.0.2\ilsts_sample_ver1.2.2_20220831\librayformfcil\librayformfcil\debug\librayformfcil.tlog\link.read.1.tlog
d:\test\ilsts\il sts sample\ver1.0.2\ilsts_sample_ver1.2.2_20220831\librayformfcil\librayformfcil\debug\librayformfcil.tlog\link.write.1.tlog
d:\test\ilsts\il sts sample\ver1.0.2\ilsts_sample_ver1.2.2_20220831\librayformfcil\librayformfcil\debug\librayformfcil.tlog\metagen.read.1.tlog
d:\test\ilsts\il sts sample\ver1.0.2\ilsts_sample_ver1.2.2_20220831\librayformfcil\librayformfcil\debug\librayformfcil.tlog\rc.command.1.tlog
d:\test\ilsts\il sts sample\ver1.0.2\ilsts_sample_ver1.2.2_20220831\librayformfcil\librayformfcil\debug\librayformfcil.tlog\rc.read.1.tlog
d:\test\ilsts\il sts sample\ver1.0.2\ilsts_sample_ver1.2.2_20220831\librayformfcil\librayformfcil\debug\librayformfcil.tlog\rc.write.1.tlog
d:\test\ilsts\il sts sample\ver1.0.2\ilsts_sample_ver1.2.2_20220831\librayformfcil\librayformfcil\debug\librayformfcil.tlog\instrumentdll.dll.metagen
d:\test\ilsts\il sts sample\ver1.0.2\ilsts_sample_ver1.2.2_20220831\librayformfcil\librayformfcil\debug\librayformfcil.tlog\stsprocess.dll.metagen
d:\test\ilsts\il sts sample\ver1.0.2\ilsts_sample_ver1.2.2_20220831\librayformfcil\librayformfcil\debug\librayformfcil.tlog\tzres.dll.bi
