  Stdafx.cpp
  AssemblyInfo.cpp
  librayForMFCIL.cpp
librayForMFCIL.cpp(356): warning C4101: “sweep_count”: 未引用的局部变量
librayForMFCIL.cpp(323): warning C4101: “split_st”: 未引用的局部变量
librayForMFCIL.cpp(493): warning C4101: “sweep_count”: 未引用的局部变量
librayForMFCIL.cpp(460): warning C4101: “split_st”: 未引用的局部变量
librayForMFCIL.cpp(1020): warning C4554: “|”: 检查运算符优先级可能存在的错误；使用圆括号阐明优先级
librayForMFCIL.cpp(1132): warning C4800: “bool *”: 将值强制为布尔值“true”或“false”(性能警告)
librayForMFCIL.cpp(1347): warning C4477: “sprintf”: 格式字符串“%s”需要类型“char *”的参数，但可变参数 1 拥有了类型“System::String ^”
librayForMFCIL.cpp(1347): warning C4996: 'sprintf': This function or variable may be unsafe. Consider using sprintf_s instead. To disable deprecation, use _CRT_SECURE_NO_WARNINGS. See online help for details.
  C:\Program Files (x86)\Windows Kits\10\Include\10.0.17763.0\ucrt\stdio.h(1774): note: 参见“sprintf”的声明
librayForMFCIL.cpp(1369): warning C4477: “sprintf”: 格式字符串“%s”需要类型“char *”的参数，但可变参数 1 拥有了类型“System::String ^”
librayForMFCIL.cpp(1369): warning C4996: 'sprintf': This function or variable may be unsafe. Consider using sprintf_s instead. To disable deprecation, use _CRT_SECURE_NO_WARNINGS. See online help for details.
  C:\Program Files (x86)\Windows Kits\10\Include\10.0.17763.0\ucrt\stdio.h(1774): note: 参见“sprintf”的声明
librayForMFCIL.cpp(1292): warning C4101: “loop1”: 未引用的局部变量
librayForMFCIL.cpp(1389): warning C4800: “bool *”: 将值强制为布尔值“true”或“false”(性能警告)
librayForMFCIL.cpp(1635): warning C4996: 'sprintf': This function or variable may be unsafe. Consider using sprintf_s instead. To disable deprecation, use _CRT_SECURE_NO_WARNINGS. See online help for details.
  C:\Program Files (x86)\Windows Kits\10\Include\10.0.17763.0\ucrt\stdio.h(1774): note: 参见“sprintf”的声明
librayForMFCIL.cpp(1662): warning C4477: “sprintf”: 格式字符串“%s”需要类型“char *”的参数，但可变参数 1 拥有了类型“System::String ^”
librayForMFCIL.cpp(1662): warning C4996: 'sprintf': This function or variable may be unsafe. Consider using sprintf_s instead. To disable deprecation, use _CRT_SECURE_NO_WARNINGS. See online help for details.
  C:\Program Files (x86)\Windows Kits\10\Include\10.0.17763.0\ucrt\stdio.h(1774): note: 参见“sprintf”的声明
librayForMFCIL.cpp(1534): warning C4101: “fpath”: 未引用的局部变量
librayForMFCIL.cpp(1797): warning C4996: 'sprintf': This function or variable may be unsafe. Consider using sprintf_s instead. To disable deprecation, use _CRT_SECURE_NO_WARNINGS. See online help for details.
  C:\Program Files (x86)\Windows Kits\10\Include\10.0.17763.0\ucrt\stdio.h(1774): note: 参见“sprintf”的声明
librayForMFCIL.cpp(1827): warning C4477: “sprintf”: 格式字符串“%s”需要类型“char *”的参数，但可变参数 1 拥有了类型“System::String ^”
librayForMFCIL.cpp(1827): warning C4996: 'sprintf': This function or variable may be unsafe. Consider using sprintf_s instead. To disable deprecation, use _CRT_SECURE_NO_WARNINGS. See online help for details.
  C:\Program Files (x86)\Windows Kits\10\Include\10.0.17763.0\ucrt\stdio.h(1774): note: 参见“sprintf”的声明
librayForMFCIL.cpp(1920): warning C4554: “&”: 检查运算符优先级可能存在的错误；使用圆括号阐明优先级
librayForMFCIL.cpp(1961): warning C4018: “<”: 有符号/无符号不匹配
librayForMFCIL.cpp(2037): warning C4018: “<”: 有符号/无符号不匹配
  正在生成代码...
d:\test\ilsts\il sts sample\ver1.0.2\ilsts_sample_ver1.2.2_20220831\librayformfcil\librayformfcil\librayformfcil.cpp(1181): warning C4700: 使用了未初始化的局部变量“inst_flag”
d:\test\ilsts\il sts sample\ver1.0.2\ilsts_sample_ver1.2.2_20220831\librayformfcil\librayformfcil\librayformfcil.cpp(1731): warning C4700: 使用了未初始化的局部变量“loop”
  .NETFramework,Version=v4.5.AssemblyAttributes.cpp
  AssemblyInfo.obj :托管的代码存在时 /DEBUG:FASTLINK 不受支持；正在重新启动与 /DEBUG:FULL 的链接
    正在创建库 D:\test\ILSTS\IL STS sample\Ver1.0.2\ILSTS_Sample_Ver1.2.2_20220831\librayForMFCIL\Debug\librayForMFCIL.lib 和对象 D:\test\ILSTS\IL STS sample\Ver1.0.2\ILSTS_Sample_Ver1.2.2_20220831\librayForMFCIL\Debug\librayForMFCIL.exp
  librayForMFCIL.vcxproj -> D:\test\ILSTS\IL STS sample\Ver1.0.2\ILSTS_Sample_Ver1.2.2_20220831\librayForMFCIL\Debug\librayForMFCIL.dll
  librayForMFCIL.vcxproj -> D:\test\ILSTS\IL STS sample\Ver1.0.2\ILSTS_Sample_Ver1.2.2_20220831\librayForMFCIL\Debug\librayForMFCIL.pdb (Partial PDB)
