d:\test\ilsts\il sts sample\ver1.0.2\ilsts_sample_ver1.2.2_20220831\ilsts_sample_mfc\x64\debug\ilsts_sample_mfc.pch
d:\test\ilsts\il sts sample\ver1.0.2\ilsts_sample_ver1.2.2_20220831\ilsts_sample_mfc\x64\debug\vc140.pdb
d:\test\ilsts\il sts sample\ver1.0.2\ilsts_sample_ver1.2.2_20220831\ilsts_sample_mfc\x64\debug\stdafx.obj
d:\test\ilsts\il sts sample\ver1.0.2\ilsts_sample_ver1.2.2_20220831\ilsts_sample_mfc\x64\debug\ilsts_sample_mfcdlg.obj
d:\test\ilsts\il sts sample\ver1.0.2\ilsts_sample_ver1.2.2_20220831\ilsts_sample_mfc\x64\debug\ilsts_sample_mfc.obj
d:\test\ilsts\il sts sample\ver1.0.2\ilsts_sample_ver1.2.2_20220831\ilsts_sample_mfc\x64\debug\form2.obj
d:\test\ilsts\il sts sample\ver1.0.2\ilsts_sample_ver1.2.2_20220831\ilsts_sample_mfc\x64\debug\.netframework,version=v4.0.assemblyattributes.obj
d:\test\ilsts\il sts sample\ver1.0.2\ilsts_sample_ver1.2.2_20220831\ilsts_sample_mfc\x64\debug\.netframework,version=v4.0.assemblyattributes.asm
d:\test\ilsts\il sts sample\ver1.0.2\ilsts_sample_ver1.2.2_20220831\x64\debug\ilsts_sample_mfc.exe
d:\test\ilsts\il sts sample\ver1.0.2\ilsts_sample_ver1.2.2_20220831\x64\debug\ilsts_sample_mfc.pdb
d:\test\ilsts\il sts sample\ver1.0.2\ilsts_sample_ver1.2.2_20220831\ilsts_sample_mfc\x64\debug\ilsts_sample_mfc.res
d:\test\ilsts\il sts sample\ver1.0.2\ilsts_sample_ver1.2.2_20220831\ilsts_sample_mfc\x64\debug\ilsts_sample_mfc.vcxprojresolveassemblyreference.cache
d:\test\ilsts\il sts sample\ver1.0.2\ilsts_sample_ver1.2.2_20220831\ilsts_sample_mfc\x64\debug\ilsts_sample_mfc.tlog\cl.command.1.tlog
d:\test\ilsts\il sts sample\ver1.0.2\ilsts_sample_ver1.2.2_20220831\ilsts_sample_mfc\x64\debug\ilsts_sample_mfc.tlog\cl.read.1.tlog
d:\test\ilsts\il sts sample\ver1.0.2\ilsts_sample_ver1.2.2_20220831\ilsts_sample_mfc\x64\debug\ilsts_sample_mfc.tlog\cl.write.1.tlog
d:\test\ilsts\il sts sample\ver1.0.2\ilsts_sample_ver1.2.2_20220831\ilsts_sample_mfc\x64\debug\ilsts_sample_mfc.tlog\link.command.1.tlog
d:\test\ilsts\il sts sample\ver1.0.2\ilsts_sample_ver1.2.2_20220831\ilsts_sample_mfc\x64\debug\ilsts_sample_mfc.tlog\link.read.1.tlog
d:\test\ilsts\il sts sample\ver1.0.2\ilsts_sample_ver1.2.2_20220831\ilsts_sample_mfc\x64\debug\ilsts_sample_mfc.tlog\link.write.1.tlog
d:\test\ilsts\il sts sample\ver1.0.2\ilsts_sample_ver1.2.2_20220831\ilsts_sample_mfc\x64\debug\ilsts_sample_mfc.tlog\metagen.read.1.tlog
d:\test\ilsts\il sts sample\ver1.0.2\ilsts_sample_ver1.2.2_20220831\ilsts_sample_mfc\x64\debug\ilsts_sample_mfc.tlog\metagen.write.1.tlog
d:\test\ilsts\il sts sample\ver1.0.2\ilsts_sample_ver1.2.2_20220831\ilsts_sample_mfc\x64\debug\ilsts_sample_mfc.tlog\rc.command.1.tlog
d:\test\ilsts\il sts sample\ver1.0.2\ilsts_sample_ver1.2.2_20220831\ilsts_sample_mfc\x64\debug\ilsts_sample_mfc.tlog\rc.read.1.tlog
d:\test\ilsts\il sts sample\ver1.0.2\ilsts_sample_ver1.2.2_20220831\ilsts_sample_mfc\x64\debug\ilsts_sample_mfc.tlog\rc.write.1.tlog
d:\test\ilsts\il sts sample\ver1.0.2\ilsts_sample_ver1.2.2_20220831\ilsts_sample_mfc\x64\debug\ilsts_sample_mfc.tlog\tzres.dll.bi
