d:\test\ilsts\il sts sample\ver1.0.2\ilsts_sample_ver1.2.2_20220831\ilsts_sample_cpp\x64\debug\vc140.pdb
d:\test\ilsts\il sts sample\ver1.0.2\ilsts_sample_ver1.2.2_20220831\ilsts_sample_cpp\x64\debug\.netframework,version=v4.0.assemblyattributes.obj
d:\test\ilsts\il sts sample\ver1.0.2\ilsts_sample_ver1.2.2_20220831\ilsts_sample_cpp\x64\debug\.netframework,version=v4.0.assemblyattributes.asm
d:\test\ilsts\il sts sample\ver1.0.2\ilsts_sample_ver1.2.2_20220831\ilsts_sample_cpp\x64\debug\instrument_setting.obj
d:\test\ilsts\il sts sample\ver1.0.2\ilsts_sample_ver1.2.2_20220831\ilsts_sample_cpp\x64\debug\form1.obj
d:\test\ilsts\il sts sample\ver1.0.2\ilsts_sample_ver1.2.2_20220831\x64\debug\instrumentdll.dll
d:\test\ilsts\il sts sample\ver1.0.2\ilsts_sample_ver1.2.2_20220831\x64\debug\stsprocess.dll
d:\test\ilsts\il sts sample\ver1.0.2\ilsts_sample_ver1.2.2_20220831\x64\debug\nationalinstruments.daqmx.dll
d:\test\ilsts\il sts sample\ver1.0.2\ilsts_sample_ver1.2.2_20220831\x64\debug\ftd2xx_net.dll
d:\test\ilsts\il sts sample\ver1.0.2\ilsts_sample_ver1.2.2_20220831\x64\debug\ivi.visa.dll
d:\test\ilsts\il sts sample\ver1.0.2\ilsts_sample_ver1.2.2_20220831\x64\debug\nationalinstruments.ni4882.dll
d:\test\ilsts\il sts sample\ver1.0.2\ilsts_sample_ver1.2.2_20220831\x64\debug\nationalinstruments.visans.dll
d:\test\ilsts\il sts sample\ver1.0.2\ilsts_sample_ver1.2.2_20220831\x64\debug\keysight.visa.dll
d:\test\ilsts\il sts sample\ver1.0.2\ilsts_sample_ver1.2.2_20220831\x64\debug\nationalinstruments.common.dll
d:\test\ilsts\il sts sample\ver1.0.2\ilsts_sample_ver1.2.2_20220831\x64\debug\nationalinstruments.nilmclientdll.dll
d:\test\ilsts\il sts sample\ver1.0.2\ilsts_sample_ver1.2.2_20220831\x64\debug\nationalinstruments.mstudioclm.dll
d:\test\ilsts\il sts sample\ver1.0.2\ilsts_sample_ver1.2.2_20220831\x64\debug\instrumentdll.pdb
d:\test\ilsts\il sts sample\ver1.0.2\ilsts_sample_ver1.2.2_20220831\x64\debug\instrumentdll.xml
d:\test\ilsts\il sts sample\ver1.0.2\ilsts_sample_ver1.2.2_20220831\x64\debug\stsprocess.xml
d:\test\ilsts\il sts sample\ver1.0.2\ilsts_sample_ver1.2.2_20220831\x64\debug\nationalinstruments.daqmx.xml
d:\test\ilsts\il sts sample\ver1.0.2\ilsts_sample_ver1.2.2_20220831\x64\debug\ivi.visa.xml
d:\test\ilsts\il sts sample\ver1.0.2\ilsts_sample_ver1.2.2_20220831\x64\debug\nationalinstruments.ni4882.xml
d:\test\ilsts\il sts sample\ver1.0.2\ilsts_sample_ver1.2.2_20220831\x64\debug\nationalinstruments.visans.xml
d:\test\ilsts\il sts sample\ver1.0.2\ilsts_sample_ver1.2.2_20220831\x64\debug\keysight.visa.xml
d:\test\ilsts\il sts sample\ver1.0.2\ilsts_sample_ver1.2.2_20220831\x64\debug\nationalinstruments.common.xml
d:\test\ilsts\il sts sample\ver1.0.2\ilsts_sample_ver1.2.2_20220831\ilsts_sample_cpp\x64\debug\ilsts_sample_cpp.form1.resources
d:\test\ilsts\il sts sample\ver1.0.2\ilsts_sample_ver1.2.2_20220831\ilsts_sample_cpp\x64\debug\ilsts_sample_cpp.instrument_setting.resources
d:\test\ilsts\il sts sample\ver1.0.2\ilsts_sample_ver1.2.2_20220831\x64\debug\ilsts_sample_cpp.exe
d:\test\ilsts\il sts sample\ver1.0.2\ilsts_sample_ver1.2.2_20220831\x64\debug\ilsts_sample_cpp.pdb
d:\test\ilsts\il sts sample\ver1.0.2\ilsts_sample_ver1.2.2_20220831\ilsts_sample_cpp\x64\debug\ilsts_sample_cpp.tlog\metagen.write.1.tlog
d:\test\ilsts\il sts sample\ver1.0.2\ilsts_sample_ver1.2.2_20220831\ilsts_sample_cpp\x64\debug\ilsts_sample_cpp.res
d:\test\ilsts\il sts sample\ver1.0.2\ilsts_sample_ver1.2.2_20220831\ilsts_sample_cpp\x64\debug\ilsts_sample_cpp.vcxproj.generateresource.cache
d:\test\ilsts\il sts sample\ver1.0.2\ilsts_sample_ver1.2.2_20220831\ilsts_sample_cpp\x64\debug\ilsts_sample_cpp.vcxprojresolveassemblyreference.cache
d:\test\ilsts\il sts sample\ver1.0.2\ilsts_sample_ver1.2.2_20220831\ilsts_sample_cpp\x64\debug\ilsts_sample_cpp.tlog\cl.command.1.tlog
d:\test\ilsts\il sts sample\ver1.0.2\ilsts_sample_ver1.2.2_20220831\ilsts_sample_cpp\x64\debug\ilsts_sample_cpp.tlog\cl.read.1.tlog
d:\test\ilsts\il sts sample\ver1.0.2\ilsts_sample_ver1.2.2_20220831\ilsts_sample_cpp\x64\debug\ilsts_sample_cpp.tlog\cl.write.1.tlog
d:\test\ilsts\il sts sample\ver1.0.2\ilsts_sample_ver1.2.2_20220831\ilsts_sample_cpp\x64\debug\ilsts_sample_cpp.tlog\ilsts_sample_cpp.write.1u.tlog
d:\test\ilsts\il sts sample\ver1.0.2\ilsts_sample_ver1.2.2_20220831\ilsts_sample_cpp\x64\debug\ilsts_sample_cpp.tlog\link.command.1.tlog
d:\test\ilsts\il sts sample\ver1.0.2\ilsts_sample_ver1.2.2_20220831\ilsts_sample_cpp\x64\debug\ilsts_sample_cpp.tlog\link.read.1.tlog
d:\test\ilsts\il sts sample\ver1.0.2\ilsts_sample_ver1.2.2_20220831\ilsts_sample_cpp\x64\debug\ilsts_sample_cpp.tlog\link.write.1.tlog
d:\test\ilsts\il sts sample\ver1.0.2\ilsts_sample_ver1.2.2_20220831\ilsts_sample_cpp\x64\debug\ilsts_sample_cpp.tlog\metagen.read.1.tlog
d:\test\ilsts\il sts sample\ver1.0.2\ilsts_sample_ver1.2.2_20220831\ilsts_sample_cpp\x64\debug\ilsts_sample_cpp.tlog\rc.command.1.tlog
d:\test\ilsts\il sts sample\ver1.0.2\ilsts_sample_ver1.2.2_20220831\ilsts_sample_cpp\x64\debug\ilsts_sample_cpp.tlog\rc.read.1.tlog
d:\test\ilsts\il sts sample\ver1.0.2\ilsts_sample_ver1.2.2_20220831\ilsts_sample_cpp\x64\debug\ilsts_sample_cpp.tlog\rc.write.1.tlog
d:\test\ilsts\il sts sample\ver1.0.2\ilsts_sample_ver1.2.2_20220831\ilsts_sample_cpp\x64\debug\ilsts_sample_cpp.tlog\instrumentdll.dll.metagen
d:\test\ilsts\il sts sample\ver1.0.2\ilsts_sample_ver1.2.2_20220831\ilsts_sample_cpp\x64\debug\ilsts_sample_cpp.tlog\stsprocess.dll.metagen
d:\test\ilsts\il sts sample\ver1.0.2\ilsts_sample_ver1.2.2_20220831\ilsts_sample_cpp\x64\debug\ilsts_sample_cpp.tlog\tzres.dll.bi
