  无法解决“NationalInstruments.Common, Version=15.1.40.49152, Culture=neutral, PublicKeyToken=dc6ad606294fc298”与“NationalInstruments.Common, Version=13.0.40.188, Culture=neutral, PublicKeyToken=dc6ad606294fc298”之间的冲突。正在随意选择“NationalInstruments.Common, Version=15.1.40.49152, Culture=neutral, PublicKeyToken=dc6ad606294fc298”。
  无法解决“Ivi.Visa, Version=5.11.0.0, Culture=neutral, PublicKeyToken=a128c98f1d7717c1”与“Ivi.Visa, Version=5.8.0.0, Culture=neutral, PublicKeyToken=a128c98f1d7717c1”之间的冲突。正在随意选择“Ivi.Visa, Version=5.11.0.0, Culture=neutral, PublicKeyToken=a128c98f1d7717c1”。
  请考虑使用 app.config 将程序集“NationalInstruments.Common, Culture=neutral, PublicKeyToken=dc6ad606294fc298”从版本“13.0.40.188”[]重新映射到版本“15.1.40.49152”[D:\test\ILSTS\IL STS sample\Ver1.0.2\ILSTS_Sample_Ver1.2.0_20220218\DLL\NationalInstruments.Common.dll]，以解决冲突并消除警告。
  请考虑使用 app.config 将程序集“Ivi.Visa, Culture=neutral, PublicKeyToken=a128c98f1d7717c1”从版本“5.8.0.0”[C:\Program Files (x86)\IVI Foundation\VISA\Microsoft.NET\Framework32\v2.0.50727\VISA.NET Shared Components 5.8.0\Ivi.Visa.dll]重新映射到版本“5.11.0.0”[D:\test\ILSTS\IL STS sample\Ver1.0.2\ILSTS_Sample_Ver1.2.0_20220218\DLL\Ivi.Visa.dll]，以解决冲突并消除警告。
C:\Program Files (x86)\MSBuild\14.0\bin\Microsoft.Common.CurrentVersion.targets(1820,5): warning MSB3276: 发现同一依赖程序集的不同版本间存在冲突。请将项目文件中的“AutoGenerateBindingRedirects”属性设置为 true。有关详细信息，请参阅 http://go.microsoft.com/fwlink/?LinkId=294190。
C:\Program Files (x86)\MSBuild\14.0\bin\Microsoft.Common.CurrentVersion.targets(1820,5): warning MSB3270: 所生成项目的处理器架构“AMD64”与引用“InstrumentDLL”的处理器架构“x86”不匹配。这种不匹配可能会导致运行时失败。请考虑通过配置管理器更改您的项目的目标处理器架构，以使您的项目与引用间的处理器架构保持一致，或者为引用关联一个与您的项目的目标处理器架构相符的处理器架构。
C:\Program Files (x86)\MSBuild\14.0\bin\Microsoft.Common.CurrentVersion.targets(1820,5): warning MSB3270: 所生成项目的处理器架构“AMD64”与引用“STSProcess”的处理器架构“x86”不匹配。这种不匹配可能会导致运行时失败。请考虑通过配置管理器更改您的项目的目标处理器架构，以使您的项目与引用间的处理器架构保持一致，或者为引用关联一个与您的项目的目标处理器架构相符的处理器架构。
  Form1.cpp
d:\test\ilsts\il sts sample\ver1.0.2\ilsts_sample_ver1.2.0_20220218\ilsts_sample_cpp\Form1.h(822): warning C4554: “&”: 检查运算符优先级可能存在的错误；使用圆括号阐明优先级
d:\test\ilsts\il sts sample\ver1.0.2\ilsts_sample_ver1.2.0_20220218\ilsts_sample_cpp\Form1.h(896): warning C4554: “|”: 检查运算符优先级可能存在的错误；使用圆括号阐明优先级
d:\test\ilsts\il sts sample\ver1.0.2\ilsts_sample_ver1.2.0_20220218\ilsts_sample_cpp\Form1.h(915): warning C4101: “sweep_count”: 未引用的局部变量
d:\test\ilsts\il sts sample\ver1.0.2\ilsts_sample_ver1.2.0_20220218\ilsts_sample_cpp\Form1.h(1056): warning C4554: “|”: 检查运算符优先级可能存在的错误；使用圆括号阐明优先级
d:\test\ilsts\il sts sample\ver1.0.2\ilsts_sample_ver1.2.0_20220218\ilsts_sample_cpp\Form1.h(1223): warning C4800: “bool *”: 将值强制为布尔值“true”或“false”(性能警告)
d:\test\ilsts\il sts sample\ver1.0.2\ilsts_sample_ver1.2.0_20220218\ilsts_sample_cpp\Form1.h(1270): warning C4800: “bool *”: 将值强制为布尔值“true”或“false”(性能警告)
d:\test\ilsts\il sts sample\ver1.0.2\ilsts_sample_ver1.2.0_20220218\ilsts_sample_cpp\Form1.h(1378): warning C4554: “|”: 检查运算符优先级可能存在的错误；使用圆括号阐明优先级
d:\test\ilsts\il sts sample\ver1.0.2\ilsts_sample_ver1.2.0_20220218\ilsts_sample_cpp\Form1.h(1703): warning C4800: “bool *”: 将值强制为布尔值“true”或“false”(性能警告)
d:\test\ilsts\il sts sample\ver1.0.2\ilsts_sample_ver1.2.0_20220218\ilsts_sample_cpp\Form1.h(1887): warning C4554: “&”: 检查运算符优先级可能存在的错误；使用圆括号阐明优先级
d:\test\ilsts\il sts sample\ver1.0.2\ilsts_sample_ver1.2.0_20220218\ilsts_sample_cpp\Form1.h(1831): warning C4101: “lstILdata”: 未引用的局部变量
  Instrument_Setting.cpp
d:\test\ilsts\il sts sample\ver1.0.2\ilsts_sample_ver1.2.0_20220218\ilsts_sample_cpp\Form1.h(822): warning C4554: “&”: 检查运算符优先级可能存在的错误；使用圆括号阐明优先级
d:\test\ilsts\il sts sample\ver1.0.2\ilsts_sample_ver1.2.0_20220218\ilsts_sample_cpp\Form1.h(896): warning C4554: “|”: 检查运算符优先级可能存在的错误；使用圆括号阐明优先级
d:\test\ilsts\il sts sample\ver1.0.2\ilsts_sample_ver1.2.0_20220218\ilsts_sample_cpp\Form1.h(915): warning C4101: “sweep_count”: 未引用的局部变量
d:\test\ilsts\il sts sample\ver1.0.2\ilsts_sample_ver1.2.0_20220218\ilsts_sample_cpp\Form1.h(1056): warning C4554: “|”: 检查运算符优先级可能存在的错误；使用圆括号阐明优先级
d:\test\ilsts\il sts sample\ver1.0.2\ilsts_sample_ver1.2.0_20220218\ilsts_sample_cpp\Form1.h(1223): warning C4800: “bool *”: 将值强制为布尔值“true”或“false”(性能警告)
d:\test\ilsts\il sts sample\ver1.0.2\ilsts_sample_ver1.2.0_20220218\ilsts_sample_cpp\Form1.h(1270): warning C4800: “bool *”: 将值强制为布尔值“true”或“false”(性能警告)
d:\test\ilsts\il sts sample\ver1.0.2\ilsts_sample_ver1.2.0_20220218\ilsts_sample_cpp\Form1.h(1378): warning C4554: “|”: 检查运算符优先级可能存在的错误；使用圆括号阐明优先级
d:\test\ilsts\il sts sample\ver1.0.2\ilsts_sample_ver1.2.0_20220218\ilsts_sample_cpp\Form1.h(1703): warning C4800: “bool *”: 将值强制为布尔值“true”或“false”(性能警告)
d:\test\ilsts\il sts sample\ver1.0.2\ilsts_sample_ver1.2.0_20220218\ilsts_sample_cpp\Form1.h(1887): warning C4554: “&”: 检查运算符优先级可能存在的错误；使用圆括号阐明优先级
d:\test\ilsts\il sts sample\ver1.0.2\ilsts_sample_ver1.2.0_20220218\ilsts_sample_cpp\Form1.h(1831): warning C4101: “lstILdata”: 未引用的局部变量
  正在生成代码...
d:\test\ilsts\il sts sample\ver1.0.2\ilsts_sample_ver1.2.0_20220218\ilsts_sample_cpp\form1.h(739): warning C4700: 使用了未初始化的局部变量“counter_215”
d:\test\ilsts\il sts sample\ver1.0.2\ilsts_sample_ver1.2.0_20220218\ilsts_sample_cpp\form1.h(755): warning C4700: 使用了未初始化的局部变量“enable_module_count”
d:\test\ilsts\il sts sample\ver1.0.2\ilsts_sample_ver1.2.0_20220218\ilsts_sample_cpp\form1.h(1937): warning C4700: 使用了未初始化的局部变量“counter”
d:\test\ilsts\il sts sample\ver1.0.2\ilsts_sample_ver1.2.0_20220218\ilsts_sample_cpp\form1.h(739): warning C4700: 使用了未初始化的局部变量“counter_215”
d:\test\ilsts\il sts sample\ver1.0.2\ilsts_sample_ver1.2.0_20220218\ilsts_sample_cpp\form1.h(755): warning C4700: 使用了未初始化的局部变量“enable_module_count”
d:\test\ilsts\il sts sample\ver1.0.2\ilsts_sample_ver1.2.0_20220218\ilsts_sample_cpp\form1.h(1937): warning C4700: 使用了未初始化的局部变量“counter”
  .NETFramework,Version=v4.0.AssemblyAttributes.cpp
LINK : fatal error LNK1561: 必须定义入口点
